=============================================
Dataset: Gesture
Method:  TS-TCC
Mode:    random_init
=============================================
Data loaded ...
Training started ....

Epoch : 1
Train Loss     : 1.9784	 | 	Train Accuracy     : 0.2313
Valid Loss     : 1.9552	 | 	Valid Accuracy     : 0.2946
{'Precision': 0.2453399762682851, 'Recall': 0.23125, 'F1': 0.2180046702712724, 'AUROC': 0.6414174107142858, 'AUPRC': 0.23275655752860303}
{'Precision': 0.2675126773810984, 'Recall': 0.32261904761904764, 'F1': 0.25464270813327416, 'AUROC': 0.7755119573602637, 'AUPRC': 0.40853822211279933}

Epoch : 2
Train Loss     : 1.6234	 | 	Train Accuracy     : 0.4625
Valid Loss     : 1.6868	 | 	Valid Accuracy     : 0.5000
{'Precision': 0.4703816518554039, 'Recall': 0.46249999999999997, 'F1': 0.4400563668798938, 'AUROC': 0.8100334821428572, 'AUPRC': 0.47760666442453126}
{'Precision': 0.4801719114219114, 'Recall': 0.5047619047619047, 'F1': 0.4673247214518562, 'AUROC': 0.8241829721579353, 'AUPRC': 0.5196548800489371}

Epoch : 3
Train Loss     : 1.4448	 | 	Train Accuracy     : 0.5719
Valid Loss     : 1.5242	 | 	Valid Accuracy     : 0.5893
{'Precision': 0.5427223765831333, 'Recall': 0.571875, 'F1': 0.5391054957055026, 'AUROC': 0.8345870535714286, 'AUPRC': 0.5270659422344223}
{'Precision': 0.577408319649699, 'Recall': 0.5880952380952381, 'F1': 0.5474831625440144, 'AUROC': 0.8379006241671927, 'AUPRC': 0.5568348285895872}

Epoch : 4
Train Loss     : 1.3274	 | 	Train Accuracy     : 0.5875
Valid Loss     : 1.4580	 | 	Valid Accuracy     : 0.5893
{'Precision': 0.5814694623177699, 'Recall': 0.5875, 'F1': 0.5674165224821136, 'AUROC': 0.8563950892857143, 'AUPRC': 0.5627415166978196}
{'Precision': 0.5816109715184667, 'Recall': 0.588095238095238, 'F1': 0.544921020319672, 'AUROC': 0.8450943263903501, 'AUPRC': 0.5792008388715064}

Epoch : 5
Train Loss     : 1.2721	 | 	Train Accuracy     : 0.5969
Valid Loss     : 1.4045	 | 	Valid Accuracy     : 0.5982
{'Precision': 0.5887701540427046, 'Recall': 0.596875, 'F1': 0.5747237993191551, 'AUROC': 0.8652120535714286, 'AUPRC': 0.5697982115557138}
{'Precision': 0.5913190427993059, 'Recall': 0.5964285714285714, 'F1': 0.5444558759937651, 'AUROC': 0.853327722841714, 'AUPRC': 0.6015826847360045}

Epoch : 6
Train Loss     : 1.2005	 | 	Train Accuracy     : 0.6000
Valid Loss     : 1.3417	 | 	Valid Accuracy     : 0.6250
{'Precision': 0.5850064267134285, 'Recall': 0.6, 'F1': 0.5769394278338669, 'AUROC': 0.8778236607142857, 'AUPRC': 0.6020589534121996}
{'Precision': 0.6166952009343314, 'Recall': 0.6214285714285714, 'F1': 0.5710851280775013, 'AUROC': 0.8588277579072866, 'AUPRC': 0.608185446339162}

Epoch : 7
Train Loss     : 1.1268	 | 	Train Accuracy     : 0.6438
Valid Loss     : 1.3215	 | 	Valid Accuracy     : 0.6250
{'Precision': 0.6335591337109454, 'Recall': 0.64375, 'F1': 0.6254113734201526, 'AUROC': 0.8884598214285714, 'AUPRC': 0.6450626789158188}
{'Precision': 0.6033190767565768, 'Recall': 0.6214285714285714, 'F1': 0.57034909862755, 'AUROC': 0.8650063118030717, 'AUPRC': 0.6244847891493539}

Epoch : 8
Train Loss     : 1.0989	 | 	Train Accuracy     : 0.6156
Valid Loss     : 1.3182	 | 	Valid Accuracy     : 0.6161
{'Precision': 0.59762563671158, 'Recall': 0.615625, 'F1': 0.5901082313560906, 'AUROC': 0.8905022321428571, 'AUPRC': 0.6462848805542367}
{'Precision': 0.6115649701176017, 'Recall': 0.6130952380952381, 'F1': 0.5643993562337215, 'AUROC': 0.8645732519812048, 'AUPRC': 0.627898467647374}

Epoch : 9
Train Loss     : 1.0773	 | 	Train Accuracy     : 0.6469
Valid Loss     : 1.2896	 | 	Valid Accuracy     : 0.6429
{'Precision': 0.6404008127840227, 'Recall': 0.646875, 'F1': 0.6313998836938037, 'AUROC': 0.8863727678571429, 'AUPRC': 0.6409791961444552}
{'Precision': 0.6160317460317459, 'Recall': 0.6476190476190476, 'F1': 0.5891993287213875, 'AUROC': 0.8690423592117259, 'AUPRC': 0.6360157803947695}

Epoch : 10
Train Loss     : 1.0568	 | 	Train Accuracy     : 0.6469
Valid Loss     : 1.2835	 | 	Valid Accuracy     : 0.6339
{'Precision': 0.6334931437789877, 'Recall': 0.6468750000000001, 'F1': 0.6335109406081274, 'AUROC': 0.8909151785714287, 'AUPRC': 0.6571519835263211}
{'Precision': 0.6218576288477604, 'Recall': 0.6392857142857142, 'F1': 0.5829250814150169, 'AUROC': 0.8686092993898591, 'AUPRC': 0.6438314482880239}

Epoch : 11
Train Loss     : 1.0200	 | 	Train Accuracy     : 0.6750
Valid Loss     : 1.2684	 | 	Valid Accuracy     : 0.6250
{'Precision': 0.6680750314444946, 'Recall': 0.675, 'F1': 0.6626965628632449, 'AUROC': 0.8997991071428572, 'AUPRC': 0.6658482089330184}
{'Precision': 0.6167262659577768, 'Recall': 0.6309523809523809, 'F1': 0.5761148696629447, 'AUROC': 0.8718721509222246, 'AUPRC': 0.6441306124044478}

Epoch : 12
Train Loss     : 1.0395	 | 	Train Accuracy     : 0.6594
Valid Loss     : 1.2612	 | 	Valid Accuracy     : 0.6250
{'Precision': 0.6508049598066352, 'Recall': 0.6593749999999999, 'F1': 0.6421185557445093, 'AUROC': 0.8908482142857143, 'AUPRC': 0.6630974313303178}
{'Precision': 0.6167262659577768, 'Recall': 0.6309523809523809, 'F1': 0.5761148696629447, 'AUROC': 0.8745318746055123, 'AUPRC': 0.6486639839518082}

Epoch : 13
Train Loss     : 1.0221	 | 	Train Accuracy     : 0.6500
Valid Loss     : 1.2537	 | 	Valid Accuracy     : 0.6339
{'Precision': 0.6366535316837469, 'Recall': 0.65, 'F1': 0.6317646492537514, 'AUROC': 0.8973772321428571, 'AUPRC': 0.6612497460264801}
{'Precision': 0.6116724436625752, 'Recall': 0.6392857142857142, 'F1': 0.5835472764374566, 'AUROC': 0.8735851041447507, 'AUPRC': 0.6550801233988564}

Epoch : 14
Train Loss     : 0.9885	 | 	Train Accuracy     : 0.6719
Valid Loss     : 1.2598	 | 	Valid Accuracy     : 0.6339
{'Precision': 0.6623712066818379, 'Recall': 0.671875, 'F1': 0.652727461303022, 'AUROC': 0.8980580357142858, 'AUPRC': 0.6706866903416507}
{'Precision': 0.60877849002849, 'Recall': 0.6392857142857142, 'F1': 0.5850927871148459, 'AUROC': 0.874956168034224, 'AUPRC': 0.6548183776781346}

Epoch : 15
Train Loss     : 0.9792	 | 	Train Accuracy     : 0.6469
Valid Loss     : 1.2077	 | 	Valid Accuracy     : 0.6429
{'Precision': 0.6380653074639329, 'Recall': 0.6468750000000001, 'F1': 0.631405224357253, 'AUROC': 0.9070535714285715, 'AUPRC': 0.681309656781382}
{'Precision': 0.6142475579975579, 'Recall': 0.6476190476190476, 'F1': 0.5920856249003666, 'AUROC': 0.8783925941510625, 'AUPRC': 0.6565716716363278}

Epoch : 16
Train Loss     : 0.9538	 | 	Train Accuracy     : 0.6844
Valid Loss     : 1.2343	 | 	Valid Accuracy     : 0.6250
{'Precision': 0.6792403839948103, 'Recall': 0.684375, 'F1': 0.667344239526823, 'AUROC': 0.9096205357142857, 'AUPRC': 0.684076202345635}
{'Precision': 0.6010817307692308, 'Recall': 0.6309523809523809, 'F1': 0.5730083136712367, 'AUROC': 0.8785644154569044, 'AUPRC': 0.660268551377251}

Epoch : 17
Train Loss     : 0.9275	 | 	Train Accuracy     : 0.7063
Valid Loss     : 1.2355	 | 	Valid Accuracy     : 0.6071
{'Precision': 0.6965546696128895, 'Recall': 0.70625, 'F1': 0.696622453112707, 'AUROC': 0.9097321428571428, 'AUPRC': 0.7025657510385388}
{'Precision': 0.5874421631000579, 'Recall': 0.6142857142857142, 'F1': 0.5631381243173073, 'AUROC': 0.8778788835121678, 'AUPRC': 0.6598814546943722}

Epoch : 18
Train Loss     : 0.9425	 | 	Train Accuracy     : 0.6844
Valid Loss     : 1.2096	 | 	Valid Accuracy     : 0.6339
{'Precision': 0.6901168519589573, 'Recall': 0.684375, 'F1': 0.6690451820531509, 'AUROC': 0.9046205357142858, 'AUPRC': 0.6897321783264156}
{'Precision': 0.60877849002849, 'Recall': 0.6392857142857142, 'F1': 0.5850927871148459, 'AUROC': 0.881914930920822, 'AUPRC': 0.6645312603360194}

Epoch : 19
Train Loss     : 0.8983	 | 	Train Accuracy     : 0.6875
Valid Loss     : 1.2236	 | 	Valid Accuracy     : 0.6071
{'Precision': 0.6767757604584299, 'Recall': 0.6875, 'F1': 0.6695346810962887, 'AUROC': 0.9131473214285715, 'AUPRC': 0.6986549568412528}
{'Precision': 0.5925173510699827, 'Recall': 0.6142857142857142, 'F1': 0.5626081519337097, 'AUROC': 0.8828564415456904, 'AUPRC': 0.671428175758815}

Epoch : 20
Train Loss     : 0.9303	 | 	Train Accuracy     : 0.6781
Valid Loss     : 1.2071	 | 	Valid Accuracy     : 0.6250
{'Precision': 0.6811265684690054, 'Recall': 0.6781250000000001, 'F1': 0.6671028325453634, 'AUROC': 0.9106696428571428, 'AUPRC': 0.6904441558326904}
{'Precision': 0.5971840659340659, 'Recall': 0.6309523809523809, 'F1': 0.5765624106512396, 'AUROC': 0.8832018374360053, 'AUPRC': 0.6741229485880029}

Epoch : 21
Train Loss     : 0.9032	 | 	Train Accuracy     : 0.7063
Valid Loss     : 1.1962	 | 	Valid Accuracy     : 0.6429
{'Precision': 0.6963990529451056, 'Recall': 0.70625, 'F1': 0.6926955865084515, 'AUROC': 0.9124553571428572, 'AUPRC': 0.6938499589553779}
{'Precision': 0.6334935897435898, 'Recall': 0.6476190476190475, 'F1': 0.5967920908200679, 'AUROC': 0.8843169226453468, 'AUPRC': 0.6717240855709865}

Epoch : 22
Train Loss     : 0.8822	 | 	Train Accuracy     : 0.6781
Valid Loss     : 1.2167	 | 	Valid Accuracy     : 0.6071
{'Precision': 0.6647572258568499, 'Recall': 0.678125, 'F1': 0.6635161367146957, 'AUROC': 0.9112388392857143, 'AUPRC': 0.7069651499705034}
{'Precision': 0.5866132895164335, 'Recall': 0.6142857142857143, 'F1': 0.5599192796676316, 'AUROC': 0.8849182972157935, 'AUPRC': 0.6713495639896261}

Epoch : 23
Train Loss     : 0.8812	 | 	Train Accuracy     : 0.7000
Valid Loss     : 1.1993	 | 	Valid Accuracy     : 0.6339
{'Precision': 0.7043702964341765, 'Recall': 0.7, 'F1': 0.6897095187769415, 'AUROC': 0.9160937499999999, 'AUPRC': 0.7183751498636233}
{'Precision': 0.6266085766085766, 'Recall': 0.6392857142857142, 'F1': 0.5871423595561527, 'AUROC': 0.8862052037309769, 'AUPRC': 0.6742729550916751}

Epoch : 24
Train Loss     : 0.8649	 | 	Train Accuracy     : 0.6969
Valid Loss     : 1.1814	 | 	Valid Accuracy     : 0.6339
{'Precision': 0.699032167019972, 'Recall': 0.696875, 'F1': 0.687790476362826, 'AUROC': 0.9233370535714286, 'AUPRC': 0.7199148815157062}
{'Precision': 0.6239697802197802, 'Recall': 0.6392857142857142, 'F1': 0.5907165571583273, 'AUROC': 0.8862911143838978, 'AUPRC': 0.6753259394750493}

Epoch : 25
Train Loss     : 0.8654	 | 	Train Accuracy     : 0.7125
Valid Loss     : 1.1810	 | 	Valid Accuracy     : 0.6339
{'Precision': 0.7066668173110379, 'Recall': 0.7125, 'F1': 0.7017292539888175, 'AUROC': 0.91765625, 'AUPRC': 0.7001997718255221}
{'Precision': 0.6127963471713471, 'Recall': 0.6392857142857142, 'F1': 0.5887403175799419, 'AUROC': 0.8867206676485027, 'AUPRC': 0.6802720445810286}

Epoch : 26
Train Loss     : 0.8321	 | 	Train Accuracy     : 0.6938
Valid Loss     : 1.1841	 | 	Valid Accuracy     : 0.6339
{'Precision': 0.6896639234197227, 'Recall': 0.6937500000000001, 'F1': 0.684040814919914, 'AUROC': 0.9245535714285713, 'AUPRC': 0.7359924341403143}
{'Precision': 0.638723544973545, 'Recall': 0.6392857142857142, 'F1': 0.5979393172281104, 'AUROC': 0.8879234167893961, 'AUPRC': 0.6777217973607503}

Epoch : 27
Train Loss     : 0.8551	 | 	Train Accuracy     : 0.7250
Valid Loss     : 1.1762	 | 	Valid Accuracy     : 0.6250
{'Precision': 0.7378064891457748, 'Recall': 0.7250000000000001, 'F1': 0.7132096277110973, 'AUROC': 0.9163839285714286, 'AUPRC': 0.7227309117982919}
{'Precision': 0.6072135585003232, 'Recall': 0.6309523809523809, 'F1': 0.5813572573262421, 'AUROC': 0.8876656848306332, 'AUPRC': 0.6803404038811469}

Epoch : 28
Train Loss     : 0.8420	 | 	Train Accuracy     : 0.7281
Valid Loss     : 1.1518	 | 	Valid Accuracy     : 0.6429
{'Precision': 0.7344150703002802, 'Recall': 0.7281250000000001, 'F1': 0.7229926270104087, 'AUROC': 0.9237834821428572, 'AUPRC': 0.7264182881163477}
{'Precision': 0.6373920377867747, 'Recall': 0.6476190476190475, 'F1': 0.60225673864112, 'AUROC': 0.88835121677537, 'AUPRC': 0.6830952932143114}

Epoch : 29
Train Loss     : 0.8440	 | 	Train Accuracy     : 0.7188
Valid Loss     : 1.1709	 | 	Valid Accuracy     : 0.6339
{'Precision': 0.7299667861432158, 'Recall': 0.71875, 'F1': 0.7091145891657831, 'AUROC': 0.9229464285714286, 'AUPRC': 0.734443700877524}
{'Precision': 0.6116342539039907, 'Recall': 0.6392857142857142, 'F1': 0.5885446739122753, 'AUROC': 0.8880075741636861, 'AUPRC': 0.6897071098559544}

Epoch : 30
Train Loss     : 0.8410	 | 	Train Accuracy     : 0.7125
Valid Loss     : 1.1646	 | 	Valid Accuracy     : 0.6339
{'Precision': 0.7101594024932896, 'Recall': 0.7125, 'F1': 0.7020070641645184, 'AUROC': 0.9216964285714286, 'AUPRC': 0.725392633027392}
{'Precision': 0.6098622758820127, 'Recall': 0.6392857142857142, 'F1': 0.5877026297775482, 'AUROC': 0.8884353741496599, 'AUPRC': 0.6889790747294093}

Epoch : 31
Train Loss     : 0.8433	 | 	Train Accuracy     : 0.7188
Valid Loss     : 1.1680	 | 	Valid Accuracy     : 0.6339
{'Precision': 0.7252967999677778, 'Recall': 0.71875, 'F1': 0.704982006047081, 'AUROC': 0.9239955357142857, 'AUPRC': 0.711632568817232}
{'Precision': 0.6127963471713471, 'Recall': 0.6392857142857142, 'F1': 0.5887403175799419, 'AUROC': 0.8871467143558454, 'AUPRC': 0.6791139204870247}

Epoch : 32
Train Loss     : 0.8599	 | 	Train Accuracy     : 0.7156
Valid Loss     : 1.1694	 | 	Valid Accuracy     : 0.6339
{'Precision': 0.7126953121397497, 'Recall': 0.715625, 'F1': 0.70460519487875, 'AUROC': 0.9196093750000001, 'AUPRC': 0.7121906578316571}
{'Precision': 0.610824938949939, 'Recall': 0.6392857142857142, 'F1': 0.5877966474289547, 'AUROC': 0.8892068167473175, 'AUPRC': 0.6895515724871764}

Epoch : 33
Train Loss     : 0.7994	 | 	Train Accuracy     : 0.7531
Valid Loss     : 1.1507	 | 	Valid Accuracy     : 0.6429
{'Precision': 0.75712452383964, 'Recall': 0.753125, 'F1': 0.7423106580164855, 'AUROC': 0.9242857142857143, 'AUPRC': 0.7429592479059914}
{'Precision': 0.6373920377867747, 'Recall': 0.6476190476190475, 'F1': 0.60225673864112, 'AUROC': 0.8898958552493161, 'AUPRC': 0.6894576934949881}

Epoch : 34
Train Loss     : 0.8373	 | 	Train Accuracy     : 0.6938
Valid Loss     : 1.1758	 | 	Valid Accuracy     : 0.6429
{'Precision': 0.6928719706081026, 'Recall': 0.69375, 'F1': 0.6863304369030075, 'AUROC': 0.9262723214285714, 'AUPRC': 0.7164762224655516}
{'Precision': 0.6191990648240648, 'Recall': 0.657142857142857, 'F1': 0.5997347153390455, 'AUROC': 0.8898099445963954, 'AUPRC': 0.6913676491849771}

Epoch : 35
Train Loss     : 0.8074	 | 	Train Accuracy     : 0.7125
Valid Loss     : 1.1445	 | 	Valid Accuracy     : 0.6429
{'Precision': 0.7226025617154649, 'Recall': 0.7125, 'F1': 0.7010532332301292, 'AUROC': 0.9273772321428572, 'AUPRC': 0.7356134485475889}
{'Precision': 0.6254872758820127, 'Recall': 0.6476190476190475, 'F1': 0.6013561890273351, 'AUROC': 0.8907567150571569, 'AUPRC': 0.6946785574634435}

Epoch : 36
Train Loss     : 0.7718	 | 	Train Accuracy     : 0.7344
Valid Loss     : 1.1324	 | 	Valid Accuracy     : 0.6429
{'Precision': 0.7255802586965016, 'Recall': 0.734375, 'F1': 0.7242705598683626, 'AUROC': 0.9304575892857143, 'AUPRC': 0.7502965512170646}
{'Precision': 0.6373920377867747, 'Recall': 0.6476190476190475, 'F1': 0.60225673864112, 'AUROC': 0.8912721789746827, 'AUPRC': 0.6943926006376054}

Epoch : 37
Train Loss     : 0.7770	 | 	Train Accuracy     : 0.7375
Valid Loss     : 1.1911	 | 	Valid Accuracy     : 0.6250
{'Precision': 0.7370415138047218, 'Recall': 0.7375, 'F1': 0.7277195128702323, 'AUROC': 0.9274330357142857, 'AUPRC': 0.7461362364817736}
{'Precision': 0.6366228070175439, 'Recall': 0.6309523809523809, 'F1': 0.5879378017640435, 'AUROC': 0.8892068167473175, 'AUPRC': 0.6920893763403564}

Epoch : 38
Train Loss     : 0.8040	 | 	Train Accuracy     : 0.7250
Valid Loss     : 1.1563	 | 	Valid Accuracy     : 0.6518
{'Precision': 0.7175440397986477, 'Recall': 0.725, 'F1': 0.7155686273412809, 'AUROC': 0.9239620535714286, 'AUPRC': 0.7419506536778411}
{'Precision': 0.6542277167277166, 'Recall': 0.6559523809523808, 'F1': 0.6163336963064767, 'AUROC': 0.8910126937372888, 'AUPRC': 0.6974126921642885}

Epoch : 39
Train Loss     : 0.7798	 | 	Train Accuracy     : 0.7406
Valid Loss     : 1.1545	 | 	Valid Accuracy     : 0.6518
{'Precision': 0.7447819753657994, 'Recall': 0.740625, 'F1': 0.7339936363397721, 'AUROC': 0.9285602678571427, 'AUPRC': 0.7390835963626924}
{'Precision': 0.6515989565989566, 'Recall': 0.6654761904761904, 'F1': 0.6130968855106786, 'AUROC': 0.890321901956659, 'AUPRC': 0.6956098633472165}

Epoch : 40
Train Loss     : 0.7875	 | 	Train Accuracy     : 0.7500
Valid Loss     : 1.1319	 | 	Valid Accuracy     : 0.6518
{'Precision': 0.7456524095012216, 'Recall': 0.75, 'F1': 0.74212838166805, 'AUROC': 0.9273549107142858, 'AUPRC': 0.7365028229070643}
{'Precision': 0.6581351835299203, 'Recall': 0.6559523809523808, 'F1': 0.6154006479247353, 'AUROC': 0.8920401150150782, 'AUPRC': 0.6951265853742801}

Epoch : 41
Train Loss     : 0.7742	 | 	Train Accuracy     : 0.7156
Valid Loss     : 1.1607	 | 	Valid Accuracy     : 0.6518
{'Precision': 0.7295940820188118, 'Recall': 0.715625, 'F1': 0.7065124603374966, 'AUROC': 0.9313839285714285, 'AUPRC': 0.7462174089877237}
{'Precision': 0.6515989565989566, 'Recall': 0.6654761904761904, 'F1': 0.6130968855106786, 'AUROC': 0.8900641699978961, 'AUPRC': 0.6943180921772569}

Epoch : 42
Train Loss     : 0.7455	 | 	Train Accuracy     : 0.7625
Valid Loss     : 1.1671	 | 	Valid Accuracy     : 0.6518
{'Precision': 0.7663541088050632, 'Recall': 0.7625, 'F1': 0.7538726156244733, 'AUROC': 0.9332366071428572, 'AUPRC': 0.7495584339555952}
{'Precision': 0.6529916162269103, 'Recall': 0.6654761904761904, 'F1': 0.6133301634116395, 'AUROC': 0.8901518339294481, 'AUPRC': 0.6937271124944395}

Epoch : 43
Train Loss     : 0.7748	 | 	Train Accuracy     : 0.7188
Valid Loss     : 1.1387	 | 	Valid Accuracy     : 0.6607
{'Precision': 0.72238716612703, 'Recall': 0.71875, 'F1': 0.7136821095585941, 'AUROC': 0.9279241071428571, 'AUPRC': 0.7493881153935081}
{'Precision': 0.6624755799755799, 'Recall': 0.6738095238095237, 'F1': 0.6285781367655872, 'AUROC': 0.8904937232625009, 'AUPRC': 0.6987286874266717}

Epoch : 44
Train Loss     : 0.7687	 | 	Train Accuracy     : 0.7406
Valid Loss     : 1.1300	 | 	Valid Accuracy     : 0.6429
{'Precision': 0.7373952360503269, 'Recall': 0.740625, 'F1': 0.7296546210482259, 'AUROC': 0.9224553571428571, 'AUPRC': 0.7374306493600671}
{'Precision': 0.6254872758820127, 'Recall': 0.6476190476190475, 'F1': 0.6013561890273351, 'AUROC': 0.890321901956659, 'AUPRC': 0.6927478577983341}

Epoch : 45
Train Loss     : 0.7548	 | 	Train Accuracy     : 0.7500
Valid Loss     : 1.1649	 | 	Valid Accuracy     : 0.6518
{'Precision': 0.7573128612654907, 'Recall': 0.75, 'F1': 0.7447941486882153, 'AUROC': 0.926372767857143, 'AUPRC': 0.7524522620764369}
{'Precision': 0.6529916162269103, 'Recall': 0.6654761904761904, 'F1': 0.6133301634116395, 'AUROC': 0.8898064380391332, 'AUPRC': 0.7005416102764447}

Epoch : 46
Train Loss     : 0.7581	 | 	Train Accuracy     : 0.7500
Valid Loss     : 1.1223	 | 	Valid Accuracy     : 0.6518
{'Precision': 0.7466754979873964, 'Recall': 0.75, 'F1': 0.7406038146673266, 'AUROC': 0.9250669642857143, 'AUPRC': 0.7464636671726858}
{'Precision': 0.6364697802197803, 'Recall': 0.6654761904761904, 'F1': 0.614536691272579, 'AUROC': 0.8912669191387895, 'AUPRC': 0.6981289470323322}

Epoch : 47
Train Loss     : 0.7526	 | 	Train Accuracy     : 0.7594
Valid Loss     : 1.1322	 | 	Valid Accuracy     : 0.6696
{'Precision': 0.7586311101853254, 'Recall': 0.7593749999999999, 'F1': 0.7529559767773026, 'AUROC': 0.9297209821428571, 'AUPRC': 0.7439455366658294}
{'Precision': 0.6553425985778927, 'Recall': 0.6821428571428572, 'F1': 0.6384121441324893, 'AUROC': 0.8907532084998948, 'AUPRC': 0.7079779877812945}

Epoch : 48
Train Loss     : 0.7792	 | 	Train Accuracy     : 0.7250
Valid Loss     : 1.1615	 | 	Valid Accuracy     : 0.6518
{'Precision': 0.7323242447604257, 'Recall': 0.725, 'F1': 0.710593105227125, 'AUROC': 0.9252678571428572, 'AUPRC': 0.7277218287141869}
{'Precision': 0.6399591595531493, 'Recall': 0.6654761904761904, 'F1': 0.6149727467615399, 'AUROC': 0.8905813871940529, 'AUPRC': 0.704404837036854}

Epoch : 49
Train Loss     : 0.7643	 | 	Train Accuracy     : 0.7219
Valid Loss     : 1.1276	 | 	Valid Accuracy     : 0.6607
{'Precision': 0.7185024516546256, 'Recall': 0.7218749999999999, 'F1': 0.7168671381096485, 'AUROC': 0.9275669642857143, 'AUPRC': 0.7419509335969654}
{'Precision': 0.7004872758820128, 'Recall': 0.6738095238095237, 'F1': 0.6279839597008219, 'AUROC': 0.8890332421628445, 'AUPRC': 0.7018452741401728}

Epoch : 50
Train Loss     : 0.7195	 | 	Train Accuracy     : 0.7500
Valid Loss     : 1.1649	 | 	Valid Accuracy     : 0.6518
{'Precision': 0.7626862081254984, 'Recall': 0.75, 'F1': 0.7453043214052859, 'AUROC': 0.9365401785714285, 'AUPRC': 0.7594313202388226}
{'Precision': 0.6509355472958414, 'Recall': 0.6654761904761904, 'F1': 0.6218506127658605, 'AUROC': 0.8892927274002385, 'AUPRC': 0.7056204174612413}

Epoch : 51
Train Loss     : 0.7658	 | 	Train Accuracy     : 0.7375
Valid Loss     : 1.1370	 | 	Valid Accuracy     : 0.6518
{'Precision': 0.7470737105817937, 'Recall': 0.7375, 'F1': 0.7293055789319606, 'AUROC': 0.9265736607142857, 'AUPRC': 0.7376511084008313}
{'Precision': 0.6179494361847303, 'Recall': 0.6654761904761904, 'F1': 0.615245077916224, 'AUROC': 0.8908373658741847, 'AUPRC': 0.7065919227951981}

Epoch : 52
Train Loss     : 0.7537	 | 	Train Accuracy     : 0.7750
Valid Loss     : 1.1331	 | 	Valid Accuracy     : 0.6518
{'Precision': 0.7776399461386385, 'Recall': 0.7749999999999999, 'F1': 0.768596132744163, 'AUROC': 0.9280580357142857, 'AUPRC': 0.7271931248326974}
{'Precision': 0.644658282893577, 'Recall': 0.6654761904761904, 'F1': 0.6136538893932602, 'AUROC': 0.8913528297917105, 'AUPRC': 0.707482022115647}

Epoch : 53
Train Loss     : 0.7439	 | 	Train Accuracy     : 0.7344
Valid Loss     : 1.1511	 | 	Valid Accuracy     : 0.6607
{'Precision': 0.7325312853789547, 'Recall': 0.734375, 'F1': 0.7224710762319685, 'AUROC': 0.9315178571428572, 'AUPRC': 0.7427913139737653}
{'Precision': 0.7041422466422467, 'Recall': 0.6738095238095237, 'F1': 0.6229470981182441, 'AUROC': 0.8894645487060804, 'AUPRC': 0.7059667813339099}

Epoch : 54
Train Loss     : 0.7213	 | 	Train Accuracy     : 0.7406
Valid Loss     : 1.1373	 | 	Valid Accuracy     : 0.6696
{'Precision': 0.7398094798408641, 'Recall': 0.740625, 'F1': 0.7343016990788682, 'AUROC': 0.9315066964285714, 'AUPRC': 0.7587593501907284}
{'Precision': 0.6553425985778927, 'Recall': 0.6821428571428572, 'F1': 0.6384121441324893, 'AUROC': 0.8915246510975524, 'AUPRC': 0.7070745501949276}

Epoch : 55
Train Loss     : 0.7156	 | 	Train Accuracy     : 0.7375
Valid Loss     : 1.1541	 | 	Valid Accuracy     : 0.6429
{'Precision': 0.7318717667265269, 'Recall': 0.7375, 'F1': 0.7250038611847439, 'AUROC': 0.9335156250000001, 'AUPRC': 0.7665890617179194}
{'Precision': 0.6958213083213083, 'Recall': 0.6571428571428571, 'F1': 0.6055713432424894, 'AUROC': 0.8910091871800266, 'AUPRC': 0.7073774274056328}

Epoch : 56
Train Loss     : 0.7357	 | 	Train Accuracy     : 0.7625
Valid Loss     : 1.1456	 | 	Valid Accuracy     : 0.6696
{'Precision': 0.7654561961491748, 'Recall': 0.7625, 'F1': 0.7574198265834337, 'AUROC': 0.9315625000000001, 'AUPRC': 0.76227831506712}
{'Precision': 0.6553425985778927, 'Recall': 0.6821428571428572, 'F1': 0.6384121441324893, 'AUROC': 0.8904078126095799, 'AUPRC': 0.7102762711952296}

Epoch : 57
Train Loss     : 0.7019	 | 	Train Accuracy     : 0.7781
Valid Loss     : 1.1763	 | 	Valid Accuracy     : 0.6429
{'Precision': 0.782090805049906, 'Recall': 0.778125, 'F1': 0.7680383503504529, 'AUROC': 0.9342075892857142, 'AUPRC': 0.7561647194733871}
{'Precision': 0.6685062739829475, 'Recall': 0.657142857142857, 'F1': 0.6139376991088452, 'AUROC': 0.8907532084998948, 'AUPRC': 0.7065782649188501}

Epoch : 58
Train Loss     : 0.6548	 | 	Train Accuracy     : 0.7719
Valid Loss     : 1.1582	 | 	Valid Accuracy     : 0.6429
{'Precision': 0.7710568566280175, 'Recall': 0.7718750000000001, 'F1': 0.7657726851575236, 'AUROC': 0.9426562500000001, 'AUPRC': 0.787932407868252}
{'Precision': 0.6449579831932774, 'Recall': 0.657142857142857, 'F1': 0.6151646358268414, 'AUROC': 0.8910091871800266, 'AUPRC': 0.7116482894168571}

Epoch : 59
Train Loss     : 0.7220	 | 	Train Accuracy     : 0.7563
Valid Loss     : 1.1595	 | 	Valid Accuracy     : 0.6518
{'Precision': 0.7601415762864683, 'Recall': 0.7562500000000001, 'F1': 0.751470496678775, 'AUROC': 0.9352901785714285, 'AUPRC': 0.7539553471121183}
{'Precision': 0.6717978100331041, 'Recall': 0.6654761904761904, 'F1': 0.621941439554446, 'AUROC': 0.8918682937092363, 'AUPRC': 0.7114096662396932}

Epoch : 60
Train Loss     : 0.7038	 | 	Train Accuracy     : 0.7594
Valid Loss     : 1.1490	 | 	Valid Accuracy     : 0.6607
{'Precision': 0.7566091687923485, 'Recall': 0.759375, 'F1': 0.7538560996554746, 'AUROC': 0.9340736607142858, 'AUPRC': 0.7628061918788217}
{'Precision': 0.650597343832638, 'Recall': 0.6738095238095237, 'F1': 0.6286445419735828, 'AUROC': 0.8916088084718423, 'AUPRC': 0.7098172542092203}

Epoch : 61
Train Loss     : 0.6847	 | 	Train Accuracy     : 0.7719
Valid Loss     : 1.1474	 | 	Valid Accuracy     : 0.6518
{'Precision': 0.7744771172243405, 'Recall': 0.771875, 'F1': 0.7658210093588336, 'AUROC': 0.9348995535714285, 'AUPRC': 0.7757880627848803}
{'Precision': 0.6484091616444558, 'Recall': 0.6654761904761904, 'F1': 0.6232564664768117, 'AUROC': 0.8910091871800266, 'AUPRC': 0.7088681942626784}

Epoch : 62
Train Loss     : 0.6725	 | 	Train Accuracy     : 0.7812
Valid Loss     : 1.1385	 | 	Valid Accuracy     : 0.6786
{'Precision': 0.7893685063122811, 'Recall': 0.78125, 'F1': 0.7763633569372831, 'AUROC': 0.9392745535714286, 'AUPRC': 0.7750375819679065}
{'Precision': 0.6831203763556705, 'Recall': 0.6904761904761905, 'F1': 0.6484792049003509, 'AUROC': 0.8915246510975524, 'AUPRC': 0.7102177023406702}

Epoch : 63
Train Loss     : 0.6989	 | 	Train Accuracy     : 0.7469
Valid Loss     : 1.1478	 | 	Valid Accuracy     : 0.6429
{'Precision': 0.7471439083759717, 'Recall': 0.746875, 'F1': 0.738264233949248, 'AUROC': 0.9308370535714285, 'AUPRC': 0.7622856052047733}
{'Precision': 0.6617063492063491, 'Recall': 0.657142857142857, 'F1': 0.6142591998885107, 'AUROC': 0.8912669191387895, 'AUPRC': 0.7114267261938634}

Epoch : 64
Train Loss     : 0.6828	 | 	Train Accuracy     : 0.7781
Valid Loss     : 1.1375	 | 	Valid Accuracy     : 0.6518
{'Precision': 0.786044675165121, 'Recall': 0.778125, 'F1': 0.7690857508782525, 'AUROC': 0.9363058035714286, 'AUPRC': 0.7699028377108403}
{'Precision': 0.6484091616444558, 'Recall': 0.6654761904761904, 'F1': 0.6232564664768117, 'AUROC': 0.8908373658741847, 'AUPRC': 0.7103705204209332}

Epoch : 65
Train Loss     : 0.6927	 | 	Train Accuracy     : 0.7781
Valid Loss     : 1.1256	 | 	Valid Accuracy     : 0.6696
{'Precision': 0.7874514734834503, 'Recall': 0.778125, 'F1': 0.7729278481147219, 'AUROC': 0.9381473214285715, 'AUPRC': 0.7862629843341153}
{'Precision': 0.6720909645909645, 'Recall': 0.6821428571428572, 'F1': 0.6375067081941586, 'AUROC': 0.8910950978329476, 'AUPRC': 0.7126752400695942}

Epoch : 66
Train Loss     : 0.6885	 | 	Train Accuracy     : 0.7625
Valid Loss     : 1.1361	 | 	Valid Accuracy     : 0.6607
{'Precision': 0.7675124993635447, 'Recall': 0.7625, 'F1': 0.758653424729075, 'AUROC': 0.9338169642857143, 'AUPRC': 0.7690508414710837}
{'Precision': 0.651849008834303, 'Recall': 0.6738095238095237, 'F1': 0.6309869925000204, 'AUROC': 0.8912669191387895, 'AUPRC': 0.7100739125840339}

Epoch : 67
Train Loss     : 0.6735	 | 	Train Accuracy     : 0.7594
Valid Loss     : 1.1302	 | 	Valid Accuracy     : 0.6518
{'Precision': 0.7568917804359367, 'Recall': 0.759375, 'F1': 0.7518763676952583, 'AUROC': 0.9363058035714286, 'AUPRC': 0.779540777323203}
{'Precision': 0.6651575276575276, 'Recall': 0.6654761904761904, 'F1': 0.622351030538481, 'AUROC': 0.8909232765271057, 'AUPRC': 0.7124053910663986}

Epoch : 68
Train Loss     : 0.7401	 | 	Train Accuracy     : 0.7406
Valid Loss     : 1.1410	 | 	Valid Accuracy     : 0.6607
{'Precision': 0.7376602126787872, 'Recall': 0.740625, 'F1': 0.7362186651468163, 'AUROC': 0.9273325892857143, 'AUPRC': 0.7399903247014981}
{'Precision': 0.650482874968169, 'Recall': 0.6738095238095237, 'F1': 0.6252176555358604, 'AUROC': 0.8917806297776842, 'AUPRC': 0.7108630024813367}

Epoch : 69
Train Loss     : 0.6953	 | 	Train Accuracy     : 0.7625
Valid Loss     : 1.1257	 | 	Valid Accuracy     : 0.6696
{'Precision': 0.7639595673913572, 'Recall': 0.7625000000000001, 'F1': 0.7557889279331439, 'AUROC': 0.9347433035714285, 'AUPRC': 0.7659115748845133}
{'Precision': 0.6553425985778927, 'Recall': 0.6821428571428572, 'F1': 0.6384121441324893, 'AUROC': 0.8912669191387895, 'AUPRC': 0.7127661150928327}

Epoch : 70
Train Loss     : 0.6685	 | 	Train Accuracy     : 0.7656
Valid Loss     : 1.1295	 | 	Valid Accuracy     : 0.6696
{'Precision': 0.7665659291957801, 'Recall': 0.765625, 'F1': 0.7595813519224537, 'AUROC': 0.9431696428571428, 'AUPRC': 0.7879797547477817}
{'Precision': 0.6553425985778927, 'Recall': 0.6821428571428572, 'F1': 0.6384121441324893, 'AUROC': 0.8913528297917105, 'AUPRC': 0.7118643405008702}

Epoch : 71
Train Loss     : 0.6777	 | 	Train Accuracy     : 0.7594
Valid Loss     : 1.1285	 | 	Valid Accuracy     : 0.6696
{'Precision': 0.7583652448843329, 'Recall': 0.7593749999999999, 'F1': 0.7526911634041187, 'AUROC': 0.9360267857142857, 'AUPRC': 0.7745779791414513}
{'Precision': 0.6553425985778927, 'Recall': 0.6821428571428572, 'F1': 0.6384121441324893, 'AUROC': 0.8913528297917105, 'AUPRC': 0.7121921896869452}

Epoch : 72
Train Loss     : 0.6778	 | 	Train Accuracy     : 0.7750
Valid Loss     : 1.1360	 | 	Valid Accuracy     : 0.6607
{'Precision': 0.7821294897671526, 'Recall': 0.775, 'F1': 0.7713894415493652, 'AUROC': 0.9380915178571428, 'AUPRC': 0.7733608958693118}
{'Precision': 0.651849008834303, 'Recall': 0.6738095238095237, 'F1': 0.6309869925000204, 'AUROC': 0.8911810084858686, 'AUPRC': 0.7097080013720624}

Epoch : 73
Train Loss     : 0.6790	 | 	Train Accuracy     : 0.7594
Valid Loss     : 1.1314	 | 	Valid Accuracy     : 0.6696
{'Precision': 0.7619995488747141, 'Recall': 0.759375, 'F1': 0.7539861452555023, 'AUROC': 0.9406138392857143, 'AUPRC': 0.7691867822257712}
{'Precision': 0.6608920491273432, 'Recall': 0.6821428571428572, 'F1': 0.639972579071814, 'AUROC': 0.8913528297917105, 'AUPRC': 0.7120243054550031}

Epoch : 74
Train Loss     : 0.7185	 | 	Train Accuracy     : 0.7406
Valid Loss     : 1.1287	 | 	Valid Accuracy     : 0.6696
{'Precision': 0.7421460081248151, 'Recall': 0.740625, 'F1': 0.731084531172485, 'AUROC': 0.9302901785714286, 'AUPRC': 0.7543065438551799}
{'Precision': 0.6553425985778927, 'Recall': 0.6821428571428572, 'F1': 0.6384121441324893, 'AUROC': 0.8914387404446315, 'AUPRC': 0.7121246232002455}

Epoch : 75
Train Loss     : 0.6963	 | 	Train Accuracy     : 0.7500
Valid Loss     : 1.1309	 | 	Valid Accuracy     : 0.6696
{'Precision': 0.7508414925430563, 'Recall': 0.75, 'F1': 0.744257527101148, 'AUROC': 0.9351450892857143, 'AUPRC': 0.7663199399684608}
{'Precision': 0.6553425985778927, 'Recall': 0.6821428571428572, 'F1': 0.6384121441324893, 'AUROC': 0.8909232765271057, 'AUPRC': 0.7102558876327256}

Epoch : 76
Train Loss     : 0.7073	 | 	Train Accuracy     : 0.7625
Valid Loss     : 1.1333	 | 	Valid Accuracy     : 0.6607
{'Precision': 0.7697185615932988, 'Recall': 0.7625, 'F1': 0.7580994716436182, 'AUROC': 0.9323214285714285, 'AUPRC': 0.7536519061133848}
{'Precision': 0.6457272139625081, 'Recall': 0.6738095238095237, 'F1': 0.6294835727039179, 'AUROC': 0.8919542043621572, 'AUPRC': 0.7121485620209834}

Epoch : 77
Train Loss     : 0.6648	 | 	Train Accuracy     : 0.7750
Valid Loss     : 1.1435	 | 	Valid Accuracy     : 0.6607
{'Precision': 0.7817747873337972, 'Recall': 0.7749999999999999, 'F1': 0.7714274002152025, 'AUROC': 0.9358147321428572, 'AUPRC': 0.7819657669301906}
{'Precision': 0.651849008834303, 'Recall': 0.6738095238095237, 'F1': 0.6309869925000204, 'AUROC': 0.8910091871800266, 'AUPRC': 0.7099621784182821}

Epoch : 78
Train Loss     : 0.7087	 | 	Train Accuracy     : 0.7719
Valid Loss     : 1.1371	 | 	Valid Accuracy     : 0.6607
{'Precision': 0.7714854557411431, 'Recall': 0.771875, 'F1': 0.7638609732314474, 'AUROC': 0.9368749999999999, 'AUPRC': 0.7480049589421722}
{'Precision': 0.651849008834303, 'Recall': 0.6738095238095237, 'F1': 0.6309869925000204, 'AUROC': 0.8915246510975524, 'AUPRC': 0.7100888250275776}

Epoch : 79
Train Loss     : 0.7068	 | 	Train Accuracy     : 0.7500
Valid Loss     : 1.1262	 | 	Valid Accuracy     : 0.6696
{'Precision': 0.7513852549916077, 'Recall': 0.75, 'F1': 0.7410183031740644, 'AUROC': 0.9336383928571428, 'AUPRC': 0.7506514288340584}
{'Precision': 0.6553425985778927, 'Recall': 0.6821428571428572, 'F1': 0.6384121441324893, 'AUROC': 0.8915246510975524, 'AUPRC': 0.7112965036883637}

Epoch : 80
Train Loss     : 0.6620	 | 	Train Accuracy     : 0.8031
Valid Loss     : 1.1395	 | 	Valid Accuracy     : 0.6607
{'Precision': 0.8073300859621114, 'Recall': 0.803125, 'F1': 0.7994429379291198, 'AUROC': 0.9412165178571429, 'AUPRC': 0.7788711714234965}
{'Precision': 0.6457272139625081, 'Recall': 0.6738095238095237, 'F1': 0.6294835727039179, 'AUROC': 0.8915246510975524, 'AUPRC': 0.7086534978699386}

Evaluate on the Test set:
Test loss      :1.1050	 | Test Accuracy      : 0.6719
{'Precision': 0.6546420491273433, 'Recall': 0.6666666666666666, 'F1': 0.6324400499311256, 'AUROC': 0.8869047619047619, 'AUPRC': 0.7106367452796309}

################## Training is Done! #########################
Training time is : 0:00:20.129001
