=============================================
Dataset: Gesture
Method:  TS-TCC
Mode:    random_init
=============================================
Data loaded ...
Training started ....

Epoch : 1
Train Loss     : 1.9442	 | 	Train Accuracy     : 0.2375
Valid Loss     : 1.9112	 | 	Valid Accuracy     : 0.4554
{'Precision': 0.23673529463970644, 'Recall': 0.2375, 'F1': 0.2320582460663752, 'AUROC': 0.6525000000000001, 'AUPRC': 0.22398073573693988}
{'Precision': 0.40518967243105175, 'Recall': 0.4630952380952381, 'F1': 0.38529013257274125, 'AUROC': 0.8200697804895154, 'AUPRC': 0.46439898892406845}

Epoch : 2
Train Loss     : 1.4804	 | 	Train Accuracy     : 0.5344
Valid Loss     : 1.5924	 | 	Valid Accuracy     : 0.4911
{'Precision': 0.5358080021762566, 'Recall': 0.534375, 'F1': 0.49756315977186666, 'AUROC': 0.8388169642857144, 'AUPRC': 0.5186043919693264}
{'Precision': 0.5718837535014005, 'Recall': 0.5059523809523809, 'F1': 0.42794508309214185, 'AUROC': 0.8693456764148959, 'AUPRC': 0.6509540024346736}

Epoch : 3
Train Loss     : 1.2841	 | 	Train Accuracy     : 0.5813
Valid Loss     : 1.3996	 | 	Valid Accuracy     : 0.5982
{'Precision': 0.5877889252984877, 'Recall': 0.58125, 'F1': 0.5688850663311656, 'AUROC': 0.8782924107142858, 'AUPRC': 0.578711928583842}
{'Precision': 0.5551755852842809, 'Recall': 0.605952380952381, 'F1': 0.5459722963786431, 'AUROC': 0.8742355705168665, 'AUPRC': 0.6682251025261723}

Epoch : 4
Train Loss     : 1.1467	 | 	Train Accuracy     : 0.6656
Valid Loss     : 1.3341	 | 	Valid Accuracy     : 0.6161
{'Precision': 0.6859673425457616, 'Recall': 0.665625, 'F1': 0.6519624836713351, 'AUROC': 0.8944642857142857, 'AUPRC': 0.6509690990572042}
{'Precision': 0.586236589497459, 'Recall': 0.6226190476190476, 'F1': 0.564168115483905, 'AUROC': 0.8762956729083387, 'AUPRC': 0.6742845026115959}

Epoch : 5
Train Loss     : 1.0612	 | 	Train Accuracy     : 0.6562
Valid Loss     : 1.2666	 | 	Valid Accuracy     : 0.6339
{'Precision': 0.6452626943170667, 'Recall': 0.65625, 'F1': 0.6376644335889605, 'AUROC': 0.9010044642857142, 'AUPRC': 0.675891368632212}
{'Precision': 0.596753663003663, 'Recall': 0.6392857142857142, 'F1': 0.5853245245466607, 'AUROC': 0.8790430605231784, 'AUPRC': 0.6819648921418461}

Epoch : 6
Train Loss     : 1.0269	 | 	Train Accuracy     : 0.6719
Valid Loss     : 1.2424	 | 	Valid Accuracy     : 0.6518
{'Precision': 0.6692247509366838, 'Recall': 0.671875, 'F1': 0.6600435054173659, 'AUROC': 0.9011160714285714, 'AUPRC': 0.6857253112670901}
{'Precision': 0.6174679487179487, 'Recall': 0.6654761904761906, 'F1': 0.6081677472015764, 'AUROC': 0.8803229539238376, 'AUPRC': 0.6945548960711907}

Epoch : 7
Train Loss     : 0.9998	 | 	Train Accuracy     : 0.6750
Valid Loss     : 1.2125	 | 	Valid Accuracy     : 0.6518
{'Precision': 0.6860160371339407, 'Recall': 0.675, 'F1': 0.6641029563180221, 'AUROC': 0.9054129464285714, 'AUPRC': 0.6979372638116996}
{'Precision': 0.6050303862803863, 'Recall': 0.6654761904761906, 'F1': 0.5999624624624624, 'AUROC': 0.8824707202468616, 'AUPRC': 0.6974243206765701}

Epoch : 8
Train Loss     : 0.9529	 | 	Train Accuracy     : 0.6844
Valid Loss     : 1.1795	 | 	Valid Accuracy     : 0.6607
{'Precision': 0.6826888449194484, 'Recall': 0.684375, 'F1': 0.6724863640170908, 'AUROC': 0.9111830357142857, 'AUPRC': 0.7167959454833112}
{'Precision': 0.638309607059607, 'Recall': 0.6738095238095239, 'F1': 0.6136837024994919, 'AUROC': 0.8854688267059401, 'AUPRC': 0.7080447681885114}

Epoch : 9
Train Loss     : 0.9119	 | 	Train Accuracy     : 0.7000
Valid Loss     : 1.1890	 | 	Valid Accuracy     : 0.6607
{'Precision': 0.6948686622003681, 'Recall': 0.7000000000000001, 'F1': 0.686427874055953, 'AUROC': 0.9139508928571429, 'AUPRC': 0.7201183459946758}
{'Precision': 0.6330876550985247, 'Recall': 0.6738095238095239, 'F1': 0.6183897243107769, 'AUROC': 0.8870169717371484, 'AUPRC': 0.7110848345299302}

Epoch : 10
Train Loss     : 0.9046	 | 	Train Accuracy     : 0.7000
Valid Loss     : 1.1641	 | 	Valid Accuracy     : 0.6696
{'Precision': 0.6979932845777066, 'Recall': 0.7, 'F1': 0.6896489864976552, 'AUROC': 0.9153348214285715, 'AUPRC': 0.7153152829122555}
{'Precision': 0.6497866716616717, 'Recall': 0.6821428571428572, 'F1': 0.625250626566416, 'AUROC': 0.885728311943334, 'AUPRC': 0.7107546418657873}

Epoch : 11
Train Loss     : 0.8695	 | 	Train Accuracy     : 0.7219
Valid Loss     : 1.1365	 | 	Valid Accuracy     : 0.6696
{'Precision': 0.7345563993396811, 'Recall': 0.721875, 'F1': 0.7164237645712829, 'AUROC': 0.9216964285714285, 'AUPRC': 0.721296572905715}
{'Precision': 0.6342376373626374, 'Recall': 0.6821428571428572, 'F1': 0.6219571105182311, 'AUROC': 0.887960235640648, 'AUPRC': 0.7162168425150484}

Epoch : 12
Train Loss     : 0.8749	 | 	Train Accuracy     : 0.7063
Valid Loss     : 1.1452	 | 	Valid Accuracy     : 0.6786
{'Precision': 0.7064513571715745, 'Recall': 0.70625, 'F1': 0.6961550909557643, 'AUROC': 0.9217410714285714, 'AUPRC': 0.7142169515636927}
{'Precision': 0.6472756410256411, 'Recall': 0.6904761904761905, 'F1': 0.6320697577276524, 'AUROC': 0.8895031208359632, 'AUPRC': 0.7207841129232349}

Epoch : 13
Train Loss     : 0.8286	 | 	Train Accuracy     : 0.7188
Valid Loss     : 1.1307	 | 	Valid Accuracy     : 0.6875
{'Precision': 0.7295370113844288, 'Recall': 0.71875, 'F1': 0.7133748293322035, 'AUROC': 0.9248214285714286, 'AUPRC': 0.7527194881817503}
{'Precision': 0.6502976190476191, 'Recall': 0.6988095238095238, 'F1': 0.6397527583326131, 'AUROC': 0.8910495125885406, 'AUPRC': 0.7210132160953288}

Epoch : 14
Train Loss     : 0.8326	 | 	Train Accuracy     : 0.7281
Valid Loss     : 1.1056	 | 	Valid Accuracy     : 0.6964
{'Precision': 0.7293886095252728, 'Recall': 0.7281249999999999, 'F1': 0.7177711908590545, 'AUROC': 0.9239620535714286, 'AUPRC': 0.7227772055289172}
{'Precision': 0.6592261904761905, 'Recall': 0.7071428571428571, 'F1': 0.6483734479877855, 'AUROC': 0.8907882740725156, 'AUPRC': 0.7234292824367867}

Epoch : 15
Train Loss     : 0.8065	 | 	Train Accuracy     : 0.7312
Valid Loss     : 1.1208	 | 	Valid Accuracy     : 0.6696
{'Precision': 0.7410095734692508, 'Recall': 0.73125, 'F1': 0.7231940285629067, 'AUROC': 0.9297656249999999, 'AUPRC': 0.758906233033912}
{'Precision': 0.6366237928737929, 'Recall': 0.6821428571428572, 'F1': 0.6232811759127549, 'AUROC': 0.8914738060172522, 'AUPRC': 0.7237935440569333}

Epoch : 16
Train Loss     : 0.7925	 | 	Train Accuracy     : 0.7250
Valid Loss     : 1.1106	 | 	Valid Accuracy     : 0.6696
{'Precision': 0.7266289793015797, 'Recall': 0.7250000000000001, 'F1': 0.717225448397786, 'AUROC': 0.9313169642857142, 'AUPRC': 0.7500342589373928}
{'Precision': 0.6366237928737929, 'Recall': 0.6821428571428572, 'F1': 0.6232811759127549, 'AUROC': 0.8917297846973841, 'AUPRC': 0.7236861066637349}

Epoch : 17
Train Loss     : 0.7865	 | 	Train Accuracy     : 0.7469
Valid Loss     : 1.0976	 | 	Valid Accuracy     : 0.6875
{'Precision': 0.7496118756098142, 'Recall': 0.746875, 'F1': 0.7415509004255085, 'AUROC': 0.9281584821428572, 'AUPRC': 0.7453413997604903}
{'Precision': 0.6524621212121212, 'Recall': 0.6988095238095238, 'F1': 0.6416987833049539, 'AUROC': 0.8911266568483063, 'AUPRC': 0.7230118922207063}

Epoch : 18
Train Loss     : 0.7800	 | 	Train Accuracy     : 0.7344
Valid Loss     : 1.1231	 | 	Valid Accuracy     : 0.6875
{'Precision': 0.7402850043871836, 'Recall': 0.734375, 'F1': 0.7310018047059195, 'AUROC': 0.9289732142857143, 'AUPRC': 0.7441032706966799}
{'Precision': 0.6502976190476191, 'Recall': 0.6988095238095238, 'F1': 0.6397527583326131, 'AUROC': 0.8896661757486499, 'AUPRC': 0.7200331924369864}

Epoch : 19
Train Loss     : 0.7727	 | 	Train Accuracy     : 0.7469
Valid Loss     : 1.0926	 | 	Valid Accuracy     : 0.6786
{'Precision': 0.7500023751265987, 'Recall': 0.7468750000000001, 'F1': 0.7372965248852301, 'AUROC': 0.9293191964285714, 'AUPRC': 0.7376641194639132}
{'Precision': 0.6417239010989011, 'Recall': 0.6904761904761905, 'F1': 0.6306663837011884, 'AUROC': 0.8906935970264394, 'AUPRC': 0.7188829363609827}

Epoch : 20
Train Loss     : 0.7500	 | 	Train Accuracy     : 0.7531
Valid Loss     : 1.0819	 | 	Valid Accuracy     : 0.6696
{'Precision': 0.7565489634326577, 'Recall': 0.753125, 'F1': 0.7502506994683846, 'AUROC': 0.9333705357142857, 'AUPRC': 0.7706473229798285}
{'Precision': 0.6375624375624376, 'Recall': 0.6821428571428572, 'F1': 0.6232336432880898, 'AUROC': 0.8903517076933867, 'AUPRC': 0.7213206537131267}

Epoch : 21
Train Loss     : 0.7607	 | 	Train Accuracy     : 0.7719
Valid Loss     : 1.0974	 | 	Valid Accuracy     : 0.6696
{'Precision': 0.7845039787026986, 'Recall': 0.771875, 'F1': 0.7641918359026801, 'AUROC': 0.9286495535714285, 'AUPRC': 0.7601420694978559}
{'Precision': 0.6375624375624376, 'Recall': 0.6821428571428572, 'F1': 0.6232336432880898, 'AUROC': 0.8890648011782032, 'AUPRC': 0.7208005900254628}

Epoch : 22
Train Loss     : 0.7598	 | 	Train Accuracy     : 0.7094
Valid Loss     : 1.0763	 | 	Valid Accuracy     : 0.7054
{'Precision': 0.7063126034593425, 'Recall': 0.7093750000000001, 'F1': 0.7034328722189227, 'AUROC': 0.9292745535714286, 'AUPRC': 0.7664819286794748}
{'Precision': 0.6980940934065935, 'Recall': 0.7154761904761905, 'F1': 0.6579272383777389, 'AUROC': 0.889664422470019, 'AUPRC': 0.7233480419856544}

Epoch : 23
Train Loss     : 0.7221	 | 	Train Accuracy     : 0.7500
Valid Loss     : 1.0911	 | 	Valid Accuracy     : 0.6607
{'Precision': 0.7574518277464468, 'Recall': 0.75, 'F1': 0.7425838423719717, 'AUROC': 0.9390401785714285, 'AUPRC': 0.7630647112659881}
{'Precision': 0.6291375291375292, 'Recall': 0.6738095238095239, 'F1': 0.6145719027297976, 'AUROC': 0.8882021880917315, 'AUPRC': 0.7212304713962359}

Epoch : 24
Train Loss     : 0.7111	 | 	Train Accuracy     : 0.7688
Valid Loss     : 1.0774	 | 	Valid Accuracy     : 0.6607
{'Precision': 0.7711900759455107, 'Recall': 0.76875, 'F1': 0.7629630933974044, 'AUROC': 0.937265625, 'AUPRC': 0.7645187342470666}
{'Precision': 0.6335477022977023, 'Recall': 0.6738095238095239, 'F1': 0.6161035452097159, 'AUROC': 0.8879427028543376, 'AUPRC': 0.7170470294851072}

Epoch : 25
Train Loss     : 0.7432	 | 	Train Accuracy     : 0.7625
Valid Loss     : 1.0701	 | 	Valid Accuracy     : 0.6875
{'Precision': 0.7599784674329118, 'Recall': 0.7625, 'F1': 0.7574410351865162, 'AUROC': 0.9354017857142857, 'AUPRC': 0.7532673111498089}
{'Precision': 0.6700487012987013, 'Recall': 0.6988095238095238, 'F1': 0.6444429164710472, 'AUROC': 0.8884564134932323, 'AUPRC': 0.7214272739060236}

Epoch : 26
Train Loss     : 0.7476	 | 	Train Accuracy     : 0.7250
Valid Loss     : 1.0838	 | 	Valid Accuracy     : 0.6875
{'Precision': 0.7351603621584439, 'Recall': 0.7250000000000001, 'F1': 0.720250475331925, 'AUROC': 0.9348772321428571, 'AUPRC': 0.7560520437950863}
{'Precision': 0.6602625170881751, 'Recall': 0.6988095238095238, 'F1': 0.6366103360997499, 'AUROC': 0.8884546602146013, 'AUPRC': 0.7224025180872755}

Epoch : 27
Train Loss     : 0.6953	 | 	Train Accuracy     : 0.7563
Valid Loss     : 1.0512	 | 	Valid Accuracy     : 0.6875
{'Precision': 0.7599810039312328, 'Recall': 0.75625, 'F1': 0.7498760638894182, 'AUROC': 0.94359375, 'AUPRC': 0.774044052722139}
{'Precision': 0.6813530219780219, 'Recall': 0.6988095238095238, 'F1': 0.6412420325935342, 'AUROC': 0.8905130093274423, 'AUPRC': 0.7233550733845234}

Epoch : 28
Train Loss     : 0.7087	 | 	Train Accuracy     : 0.7656
Valid Loss     : 1.0419	 | 	Valid Accuracy     : 0.6696
{'Precision': 0.7678980309771548, 'Recall': 0.765625, 'F1': 0.7598712776029506, 'AUROC': 0.9326674107142857, 'AUPRC': 0.7598515395628553}
{'Precision': 0.643154761904762, 'Recall': 0.6821428571428572, 'F1': 0.6235380116959064, 'AUROC': 0.8916316010940458, 'AUPRC': 0.7275250964640367}

Epoch : 29
Train Loss     : 0.6804	 | 	Train Accuracy     : 0.7594
Valid Loss     : 1.0544	 | 	Valid Accuracy     : 0.6786
{'Precision': 0.764563733725609, 'Recall': 0.759375, 'F1': 0.7543975495657664, 'AUROC': 0.9407700892857143, 'AUPRC': 0.7831462618574846}
{'Precision': 0.6794351481851482, 'Recall': 0.6904761904761905, 'F1': 0.6342878592878592, 'AUROC': 0.89120029455081, 'AUPRC': 0.7260557656621239}

Epoch : 30
Train Loss     : 0.6636	 | 	Train Accuracy     : 0.7531
Valid Loss     : 1.0383	 | 	Valid Accuracy     : 0.6696
{'Precision': 0.7666635265319477, 'Recall': 0.753125, 'F1': 0.7460806013282328, 'AUROC': 0.9426004464285714, 'AUPRC': 0.7857185143180698}
{'Precision': 0.6386988011988012, 'Recall': 0.6821428571428572, 'F1': 0.6240058440602906, 'AUROC': 0.891373869135283, 'AUPRC': 0.7280389517912668}

Epoch : 31
Train Loss     : 0.6691	 | 	Train Accuracy     : 0.7656
Valid Loss     : 1.0333	 | 	Valid Accuracy     : 0.6696
{'Precision': 0.7714455243084275, 'Recall': 0.765625, 'F1': 0.7585633706686902, 'AUROC': 0.9406026785714285, 'AUPRC': 0.7718536157217257}
{'Precision': 0.634393074031232, 'Recall': 0.6821428571428572, 'F1': 0.6211167743837772, 'AUROC': 0.8917999158426257, 'AUPRC': 0.7286468310077601}

Epoch : 32
Train Loss     : 0.6703	 | 	Train Accuracy     : 0.7875
Valid Loss     : 1.0430	 | 	Valid Accuracy     : 0.6875
{'Precision': 0.7879283369768808, 'Recall': 0.7875, 'F1': 0.7830267671548573, 'AUROC': 0.9405468749999999, 'AUPRC': 0.7800939239965748}
{'Precision': 0.684577922077922, 'Recall': 0.6988095238095238, 'F1': 0.6455550475287317, 'AUROC': 0.8897380601725227, 'AUPRC': 0.7236815343811583}

Epoch : 33
Train Loss     : 0.6414	 | 	Train Accuracy     : 0.7719
Valid Loss     : 1.0296	 | 	Valid Accuracy     : 0.6696
{'Precision': 0.7756789157225203, 'Recall': 0.7718750000000001, 'F1': 0.7666841065560945, 'AUROC': 0.9444308035714286, 'AUPRC': 0.795673368973538}
{'Precision': 0.638095238095238, 'Recall': 0.6821428571428572, 'F1': 0.6228743554288019, 'AUROC': 0.8905971667017323, 'AUPRC': 0.7250862141405341}

Epoch : 34
Train Loss     : 0.6456	 | 	Train Accuracy     : 0.7844
Valid Loss     : 1.0096	 | 	Valid Accuracy     : 0.6607
{'Precision': 0.7904167431005666, 'Recall': 0.784375, 'F1': 0.7792084494927815, 'AUROC': 0.944017857142857, 'AUPRC': 0.7846914365572688}
{'Precision': 0.6327547452547453, 'Recall': 0.6738095238095239, 'F1': 0.6147361063422769, 'AUROC': 0.8913703625780209, 'AUPRC': 0.7266174008365227}

Epoch : 35
Train Loss     : 0.6581	 | 	Train Accuracy     : 0.7969
Valid Loss     : 1.0375	 | 	Valid Accuracy     : 0.6696
{'Precision': 0.8015633072726129, 'Recall': 0.796875, 'F1': 0.7916250098752791, 'AUROC': 0.9377120535714285, 'AUPRC': 0.7706632191000906}
{'Precision': 0.638095238095238, 'Recall': 0.6821428571428572, 'F1': 0.6228743554288019, 'AUROC': 0.8899098814783646, 'AUPRC': 0.7273293105442462}

Epoch : 36
Train Loss     : 0.6580	 | 	Train Accuracy     : 0.7844
Valid Loss     : 1.0063	 | 	Valid Accuracy     : 0.6875
{'Precision': 0.7875285301633184, 'Recall': 0.784375, 'F1': 0.77975639828581, 'AUROC': 0.9411607142857144, 'AUPRC': 0.7758781704118827}
{'Precision': 0.6600446428571429, 'Recall': 0.6988095238095238, 'F1': 0.6366945589780904, 'AUROC': 0.8913703625780209, 'AUPRC': 0.7305787150756009}

Epoch : 37
Train Loss     : 0.6362	 | 	Train Accuracy     : 0.7781
Valid Loss     : 1.0287	 | 	Valid Accuracy     : 0.6696
{'Precision': 0.7780052951649558, 'Recall': 0.778125, 'F1': 0.7721108252563019, 'AUROC': 0.9431138392857144, 'AUPRC': 0.7879943071590272}
{'Precision': 0.6458499833499833, 'Recall': 0.6821428571428572, 'F1': 0.6206495969653865, 'AUROC': 0.8883634897257873, 'AUPRC': 0.7234380560687206}

Epoch : 38
Train Loss     : 0.6386	 | 	Train Accuracy     : 0.7969
Valid Loss     : 1.0364	 | 	Valid Accuracy     : 0.6696
{'Precision': 0.7989410599470104, 'Recall': 0.796875, 'F1': 0.7933706053704325, 'AUROC': 0.9465848214285715, 'AUPRC': 0.7900431837717039}
{'Precision': 0.6458499833499833, 'Recall': 0.6821428571428572, 'F1': 0.6206495969653865, 'AUROC': 0.8878462725296304, 'AUPRC': 0.7286740206512945}

Epoch : 39
Train Loss     : 0.6130	 | 	Train Accuracy     : 0.7937
Valid Loss     : 1.0064	 | 	Valid Accuracy     : 0.6786
{'Precision': 0.7981266642264084, 'Recall': 0.7937500000000001, 'F1': 0.7866152236435153, 'AUROC': 0.9420200892857143, 'AUPRC': 0.7960389750889978}
{'Precision': 0.6511904761904762, 'Recall': 0.6904761904761905, 'F1': 0.6287878460519114, 'AUROC': 0.8881881618626832, 'AUPRC': 0.7308415861792348}

Epoch : 40
Train Loss     : 0.5905	 | 	Train Accuracy     : 0.8125
Valid Loss     : 1.0311	 | 	Valid Accuracy     : 0.6875
{'Precision': 0.8176043392219863, 'Recall': 0.8125, 'F1': 0.8118135667684827, 'AUROC': 0.9512834821428571, 'AUPRC': 0.805829467382531}
{'Precision': 0.6839285714285714, 'Recall': 0.6988095238095238, 'F1': 0.6410372194854953, 'AUROC': 0.8869012553474999, 'AUPRC': 0.7248095427433687}

Epoch : 41
Train Loss     : 0.6289	 | 	Train Accuracy     : 0.7969
Valid Loss     : 1.0057	 | 	Valid Accuracy     : 0.6786
{'Precision': 0.8069849777751561, 'Recall': 0.796875, 'F1': 0.7902629540434836, 'AUROC': 0.9425, 'AUPRC': 0.7951793562732634}
{'Precision': 0.6505952380952381, 'Recall': 0.6904761904761905, 'F1': 0.628391020655086, 'AUROC': 0.8874149659863946, 'AUPRC': 0.7232118603922747}

Epoch : 42
Train Loss     : 0.5878	 | 	Train Accuracy     : 0.7937
Valid Loss     : 1.0357	 | 	Valid Accuracy     : 0.6786
{'Precision': 0.7925866104575043, 'Recall': 0.79375, 'F1': 0.7919502886104817, 'AUROC': 0.9514732142857143, 'AUPRC': 0.8146644924641011}
{'Precision': 0.6709596324727904, 'Recall': 0.6904761904761905, 'F1': 0.6342411739470564, 'AUROC': 0.8860421488182902, 'AUPRC': 0.7207235709058428}

Epoch : 43
Train Loss     : 0.6231	 | 	Train Accuracy     : 0.7906
Valid Loss     : 1.0307	 | 	Valid Accuracy     : 0.6696
{'Precision': 0.802969055542585, 'Recall': 0.790625, 'F1': 0.7871174721156378, 'AUROC': 0.943515625, 'AUPRC': 0.7931430048500705}
{'Precision': 0.6458499833499833, 'Recall': 0.6821428571428572, 'F1': 0.6206495969653865, 'AUROC': 0.886555859457185, 'AUPRC': 0.7252669853527816}

Epoch : 44
Train Loss     : 0.6073	 | 	Train Accuracy     : 0.7969
Valid Loss     : 1.0247	 | 	Valid Accuracy     : 0.6786
{'Precision': 0.8035003302268289, 'Recall': 0.796875, 'F1': 0.7941562300551769, 'AUROC': 0.95, 'AUPRC': 0.8052250377952099}
{'Precision': 0.6717261904761905, 'Recall': 0.6904761904761905, 'F1': 0.634383241279793, 'AUROC': 0.8861280594712111, 'AUPRC': 0.722462155346983}

Epoch : 45
Train Loss     : 0.6339	 | 	Train Accuracy     : 0.7812
Valid Loss     : 0.9916	 | 	Valid Accuracy     : 0.6964
{'Precision': 0.7803922173834964, 'Recall': 0.78125, 'F1': 0.7771198877974149, 'AUROC': 0.9394308035714285, 'AUPRC': 0.7892566136773158}
{'Precision': 0.6684050324675325, 'Recall': 0.7071428571428572, 'F1': 0.646723008480224, 'AUROC': 0.8876762045024196, 'AUPRC': 0.7240957464725394}

Epoch : 46
Train Loss     : 0.5558	 | 	Train Accuracy     : 0.8094
Valid Loss     : 1.0212	 | 	Valid Accuracy     : 0.6786
{'Precision': 0.816056070865522, 'Recall': 0.809375, 'F1': 0.8055284383923624, 'AUROC': 0.9532142857142857, 'AUPRC': 0.8118755182735289}
{'Precision': 0.6708333333333334, 'Recall': 0.6904761904761905, 'F1': 0.6346538040503558, 'AUROC': 0.8884458938214461, 'AUPRC': 0.7266713572114628}

Epoch : 47
Train Loss     : 0.5867	 | 	Train Accuracy     : 0.7937
Valid Loss     : 1.0243	 | 	Valid Accuracy     : 0.6607
{'Precision': 0.7974178890862861, 'Recall': 0.79375, 'F1': 0.7888414329276654, 'AUROC': 0.9470870535714285, 'AUPRC': 0.799455930694563}
{'Precision': 0.6327547452547453, 'Recall': 0.6738095238095239, 'F1': 0.6147361063422769, 'AUROC': 0.886643523388737, 'AUPRC': 0.7224916405193823}

Epoch : 48
Train Loss     : 0.5523	 | 	Train Accuracy     : 0.8188
Valid Loss     : 0.9950	 | 	Valid Accuracy     : 0.6696
{'Precision': 0.823754158428271, 'Recall': 0.81875, 'F1': 0.814557059888551, 'AUROC': 0.9491406250000001, 'AUPRC': 0.8191649891220342}
{'Precision': 0.6383928571428572, 'Recall': 0.6821428571428572, 'F1': 0.6222069672614137, 'AUROC': 0.8875008766393155, 'AUPRC': 0.7255610585232475}

Epoch : 49
Train Loss     : 0.5441	 | 	Train Accuracy     : 0.8438
Valid Loss     : 0.9834	 | 	Valid Accuracy     : 0.6964
{'Precision': 0.8510138530758486, 'Recall': 0.84375, 'F1': 0.8429716157295004, 'AUROC': 0.9566406249999999, 'AUPRC': 0.8249419512150078}
{'Precision': 0.6942708333333334, 'Recall': 0.7071428571428572, 'F1': 0.649070195037937, 'AUROC': 0.8890490216705239, 'AUPRC': 0.7279454416894775}

Epoch : 50
Train Loss     : 0.5623	 | 	Train Accuracy     : 0.8219
Valid Loss     : 1.0250	 | 	Valid Accuracy     : 0.6875
{'Precision': 0.8238923631145998, 'Recall': 0.8218749999999999, 'F1': 0.8196464864612345, 'AUROC': 0.9498660714285714, 'AUPRC': 0.805946094122943}
{'Precision': 0.6861382039013618, 'Recall': 0.6988095238095238, 'F1': 0.6407887929946754, 'AUROC': 0.888701872501578, 'AUPRC': 0.7264887074023716}

Epoch : 51
Train Loss     : 0.5837	 | 	Train Accuracy     : 0.8031
Valid Loss     : 1.0061	 | 	Valid Accuracy     : 0.6696
{'Precision': 0.8034839370478585, 'Recall': 0.803125, 'F1': 0.7966500687106284, 'AUROC': 0.9503125000000001, 'AUPRC': 0.7976468531992595}
{'Precision': 0.6458499833499833, 'Recall': 0.6821428571428572, 'F1': 0.6206495969653865, 'AUROC': 0.8885318044743671, 'AUPRC': 0.7256273182111855}

Epoch : 52
Train Loss     : 0.5517	 | 	Train Accuracy     : 0.8188
Valid Loss     : 1.0045	 | 	Valid Accuracy     : 0.6786
{'Precision': 0.8353329907696315, 'Recall': 0.8187500000000001, 'F1': 0.8147282093270566, 'AUROC': 0.9511495535714285, 'AUPRC': 0.8272693219197291}
{'Precision': 0.6514880952380953, 'Recall': 0.6904761904761905, 'F1': 0.6281204578845232, 'AUROC': 0.8890455151132618, 'AUPRC': 0.727328081503713}

Epoch : 53
Train Loss     : 0.5691	 | 	Train Accuracy     : 0.8281
Valid Loss     : 1.0107	 | 	Valid Accuracy     : 0.6696
{'Precision': 0.8342972158461663, 'Recall': 0.828125, 'F1': 0.8259061343465157, 'AUROC': 0.9521875, 'AUPRC': 0.8199451203213505}
{'Precision': 0.6458499833499833, 'Recall': 0.6821428571428572, 'F1': 0.6206495969653865, 'AUROC': 0.8877586085980784, 'AUPRC': 0.7237550382865063}

Epoch : 54
Train Loss     : 0.5514	 | 	Train Accuracy     : 0.8219
Valid Loss     : 0.9810	 | 	Valid Accuracy     : 0.6964
{'Precision': 0.8273383145569942, 'Recall': 0.8218749999999999, 'F1': 0.8175852770479992, 'AUROC': 0.9531584821428571, 'AUPRC': 0.8160120063482401}
{'Precision': 0.6831349206349207, 'Recall': 0.7071428571428572, 'F1': 0.6496411155893914, 'AUROC': 0.8876674381092643, 'AUPRC': 0.7308469166826621}

Epoch : 55
Train Loss     : 0.5812	 | 	Train Accuracy     : 0.8031
Valid Loss     : 0.9899	 | 	Valid Accuracy     : 0.6786
{'Precision': 0.8106870179278716, 'Recall': 0.803125, 'F1': 0.7988350014061436, 'AUROC': 0.9469754464285713, 'AUPRC': 0.8024414766367305}
{'Precision': 0.6528048705680285, 'Recall': 0.6904761904761905, 'F1': 0.628142594164266, 'AUROC': 0.8887860298758679, 'AUPRC': 0.7246620577030944}

Epoch : 56
Train Loss     : 0.5856	 | 	Train Accuracy     : 0.8313
Valid Loss     : 0.9921	 | 	Valid Accuracy     : 0.7054
{'Precision': 0.8333186434083073, 'Recall': 0.83125, 'F1': 0.8278102470327404, 'AUROC': 0.9460044642857142, 'AUPRC': 0.7872593055820047}
{'Precision': 0.676170183982684, 'Recall': 0.7154761904761905, 'F1': 0.6528513001348315, 'AUROC': 0.8896451364050775, 'AUPRC': 0.7299641032649}

Epoch : 57
Train Loss     : 0.5428	 | 	Train Accuracy     : 0.8156
Valid Loss     : 0.9766	 | 	Valid Accuracy     : 0.6964
{'Precision': 0.8224204186428918, 'Recall': 0.815625, 'F1': 0.8110626991789047, 'AUROC': 0.9532924107142857, 'AUPRC': 0.8179221352993179}
{'Precision': 0.6885258838383839, 'Recall': 0.7071428571428572, 'F1': 0.650169021136763, 'AUROC': 0.890502489655656, 'AUPRC': 0.7369798170167873}

Epoch : 58
Train Loss     : 0.5869	 | 	Train Accuracy     : 0.7875
Valid Loss     : 1.0006	 | 	Valid Accuracy     : 0.6786
{'Precision': 0.7868420366014657, 'Recall': 0.7875, 'F1': 0.7785858604360011, 'AUROC': 0.9496316964285714, 'AUPRC': 0.8009320208042323}
{'Precision': 0.6796703296703297, 'Recall': 0.6904761904761905, 'F1': 0.6328643578643578, 'AUROC': 0.888356476611263, 'AUPRC': 0.7284131286783206}

Epoch : 59
Train Loss     : 0.5350	 | 	Train Accuracy     : 0.8281
Valid Loss     : 0.9786	 | 	Valid Accuracy     : 0.6964
{'Precision': 0.834098948561601, 'Recall': 0.828125, 'F1': 0.8254953166563421, 'AUROC': 0.9527232142857143, 'AUPRC': 0.8176504633047403}
{'Precision': 0.6967614348370927, 'Recall': 0.7071428571428572, 'F1': 0.6486266843003086, 'AUROC': 0.8893014937933936, 'AUPRC': 0.7311665115960121}

Epoch : 60
Train Loss     : 0.5585	 | 	Train Accuracy     : 0.8188
Valid Loss     : 0.9863	 | 	Valid Accuracy     : 0.6964
{'Precision': 0.8239644090966709, 'Recall': 0.81875, 'F1': 0.8149392629367354, 'AUROC': 0.9502455357142857, 'AUPRC': 0.7955590142004755}
{'Precision': 0.6678923872180451, 'Recall': 0.7071428571428572, 'F1': 0.6439169934064072, 'AUROC': 0.8887860298758679, 'AUPRC': 0.7303172960700947}

Epoch : 61
Train Loss     : 0.5725	 | 	Train Accuracy     : 0.8000
Valid Loss     : 0.9835	 | 	Valid Accuracy     : 0.6964
{'Precision': 0.8059215044368699, 'Recall': 0.7999999999999999, 'F1': 0.7953086583404438, 'AUROC': 0.9455357142857143, 'AUPRC': 0.7996956528776397}
{'Precision': 0.6849456099456099, 'Recall': 0.7071428571428572, 'F1': 0.649975624975625, 'AUROC': 0.8886124552913949, 'AUPRC': 0.7347432691282523}

Epoch : 62
Train Loss     : 0.5021	 | 	Train Accuracy     : 0.8313
Valid Loss     : 0.9784	 | 	Valid Accuracy     : 0.6875
{'Precision': 0.8385545464609393, 'Recall': 0.83125, 'F1': 0.8286009759517488, 'AUROC': 0.9617299107142857, 'AUPRC': 0.8387243997433894}
{'Precision': 0.6815828634085213, 'Recall': 0.6988095238095238, 'F1': 0.6420790652526895, 'AUROC': 0.8874097061505014, 'AUPRC': 0.7326354747213604}

Epoch : 63
Train Loss     : 0.5454	 | 	Train Accuracy     : 0.8125
Valid Loss     : 0.9709	 | 	Valid Accuracy     : 0.6964
{'Precision': 0.8163348505966715, 'Recall': 0.8125, 'F1': 0.8096958089816619, 'AUROC': 0.9521316964285714, 'AUPRC': 0.8115151149165842}
{'Precision': 0.6913766788766789, 'Recall': 0.7071428571428571, 'F1': 0.6535894660894661, 'AUROC': 0.8884388807069219, 'AUPRC': 0.7355422753546972}

Epoch : 64
Train Loss     : 0.5327	 | 	Train Accuracy     : 0.8219
Valid Loss     : 0.9813	 | 	Valid Accuracy     : 0.6875
{'Precision': 0.832700048428869, 'Recall': 0.821875, 'F1': 0.8174904501829012, 'AUROC': 0.9533482142857143, 'AUPRC': 0.8154730856224384}
{'Precision': 0.6556795634920635, 'Recall': 0.6988095238095238, 'F1': 0.6375613091869459, 'AUROC': 0.8895574724735255, 'AUPRC': 0.7316109419295779}

Epoch : 65
Train Loss     : 0.5439	 | 	Train Accuracy     : 0.8219
Valid Loss     : 0.9842	 | 	Valid Accuracy     : 0.6875
{'Precision': 0.8260681214571246, 'Recall': 0.821875, 'F1': 0.819243836402557, 'AUROC': 0.9488392857142857, 'AUPRC': 0.8105536180363653}
{'Precision': 0.67468671679198, 'Recall': 0.6988095238095238, 'F1': 0.6434041223594976, 'AUROC': 0.88826705940108, 'AUPRC': 0.7384430560845798}

Epoch : 66
Train Loss     : 0.5128	 | 	Train Accuracy     : 0.8375
Valid Loss     : 0.9881	 | 	Valid Accuracy     : 0.7054
{'Precision': 0.8435388685388685, 'Recall': 0.8374999999999999, 'F1': 0.8346286646600846, 'AUROC': 0.9507700892857143, 'AUPRC': 0.816094075933029}
{'Precision': 0.7029558982683983, 'Recall': 0.7154761904761905, 'F1': 0.656623040090782, 'AUROC': 0.88835121677537, 'AUPRC': 0.7367899513490741}

Epoch : 67
Train Loss     : 0.5313	 | 	Train Accuracy     : 0.8031
Valid Loss     : 0.9645	 | 	Valid Accuracy     : 0.6875
{'Precision': 0.8137653048475761, 'Recall': 0.803125, 'F1': 0.8000452456007681, 'AUROC': 0.9488169642857143, 'AUPRC': 0.8119676225290396}
{'Precision': 0.6813658563658563, 'Recall': 0.6988095238095238, 'F1': 0.6474469182864985, 'AUROC': 0.8895574724735255, 'AUPRC': 0.7325355967133156}

Epoch : 68
Train Loss     : 0.5600	 | 	Train Accuracy     : 0.8062
Valid Loss     : 0.9628	 | 	Valid Accuracy     : 0.7054
{'Precision': 0.8082505701995344, 'Recall': 0.80625, 'F1': 0.8020519823979023, 'AUROC': 0.9470535714285715, 'AUPRC': 0.8025770116073366}
{'Precision': 0.7032150315920003, 'Recall': 0.7154761904761905, 'F1': 0.6593756246571649, 'AUROC': 0.8898958552493161, 'AUPRC': 0.7394406252914817}

Epoch : 69
Train Loss     : 0.5275	 | 	Train Accuracy     : 0.8250
Valid Loss     : 0.9638	 | 	Valid Accuracy     : 0.7054
{'Precision': 0.83459063420855, 'Recall': 0.8250000000000001, 'F1': 0.8230250053239718, 'AUROC': 0.9539174107142857, 'AUPRC': 0.8172107528340464}
{'Precision': 0.6956349206349206, 'Recall': 0.7154761904761905, 'F1': 0.6617623277106035, 'AUROC': 0.8886983659443158, 'AUPRC': 0.734727950212106}

Epoch : 70
Train Loss     : 0.5100	 | 	Train Accuracy     : 0.8125
Valid Loss     : 0.9749	 | 	Valid Accuracy     : 0.6875
{'Precision': 0.8124878570404354, 'Recall': 0.8125, 'F1': 0.8089803657204198, 'AUROC': 0.954140625, 'AUPRC': 0.8263495563351713}
{'Precision': 0.65682060994561, 'Recall': 0.6988095238095238, 'F1': 0.6353516995707148, 'AUROC': 0.8866365102742128, 'AUPRC': 0.7301343766774959}

Epoch : 71
Train Loss     : 0.4859	 | 	Train Accuracy     : 0.8594
Valid Loss     : 0.9504	 | 	Valid Accuracy     : 0.6964
{'Precision': 0.8625310133549079, 'Recall': 0.859375, 'F1': 0.8561533498799241, 'AUROC': 0.9556026785714286, 'AUPRC': 0.8337519605386803}
{'Precision': 0.6908896658896659, 'Recall': 0.7071428571428571, 'F1': 0.654020904020904, 'AUROC': 0.8880093274423171, 'AUPRC': 0.7337700029854259}

Epoch : 72
Train Loss     : 0.5065	 | 	Train Accuracy     : 0.8469
Valid Loss     : 0.9553	 | 	Valid Accuracy     : 0.7143
{'Precision': 0.8568485467289768, 'Recall': 0.8468749999999999, 'F1': 0.8446091372651989, 'AUROC': 0.953482142857143, 'AUPRC': 0.8268796291893571}
{'Precision': 0.7092900520532099, 'Recall': 0.7238095238095239, 'F1': 0.6691651373192955, 'AUROC': 0.8899835191808683, 'AUPRC': 0.7391048124263048}

Epoch : 73
Train Loss     : 0.5029	 | 	Train Accuracy     : 0.8281
Valid Loss     : 0.9476	 | 	Valid Accuracy     : 0.7054
{'Precision': 0.8316304732266828, 'Recall': 0.828125, 'F1': 0.824361627491775, 'AUROC': 0.9521540178571428, 'AUPRC': 0.8191244217189204}
{'Precision': 0.6929563492063492, 'Recall': 0.7154761904761905, 'F1': 0.6627280245158805, 'AUROC': 0.8908426257100779, 'AUPRC': 0.7419793752410309}

Epoch : 74
Train Loss     : 0.5117	 | 	Train Accuracy     : 0.8281
Valid Loss     : 0.9543	 | 	Valid Accuracy     : 0.7143
{'Precision': 0.830606272693287, 'Recall': 0.828125, 'F1': 0.8245493958423431, 'AUROC': 0.9502790178571427, 'AUPRC': 0.8139293307236009}
{'Precision': 0.7071428571428572, 'Recall': 0.7238095238095239, 'F1': 0.6788943873927697, 'AUROC': 0.8892962339575006, 'AUPRC': 0.7377108441114516}

Epoch : 75
Train Loss     : 0.5023	 | 	Train Accuracy     : 0.8344
Valid Loss     : 0.9886	 | 	Valid Accuracy     : 0.6964
{'Precision': 0.8401811351091305, 'Recall': 0.834375, 'F1': 0.8313828936091481, 'AUROC': 0.9543080357142857, 'AUPRC': 0.8192922853058608}
{'Precision': 0.6951518236880079, 'Recall': 0.7166666666666667, 'F1': 0.6559092922264278, 'AUROC': 0.8886071954555017, 'AUPRC': 0.7393864956679801}

Epoch : 76
Train Loss     : 0.5223	 | 	Train Accuracy     : 0.8031
Valid Loss     : 0.9502	 | 	Valid Accuracy     : 0.7232
{'Precision': 0.8059496646809786, 'Recall': 0.803125, 'F1': 0.7992798620014185, 'AUROC': 0.9536160714285714, 'AUPRC': 0.8257766333076393}
{'Precision': 0.7086580086580087, 'Recall': 0.7321428571428572, 'F1': 0.6801767676767676, 'AUROC': 0.8897222806648433, 'AUPRC': 0.7444265194785886}

Epoch : 77
Train Loss     : 0.4850	 | 	Train Accuracy     : 0.8156
Valid Loss     : 0.9675	 | 	Valid Accuracy     : 0.6875
{'Precision': 0.8182288731245275, 'Recall': 0.815625, 'F1': 0.8118586365743677, 'AUROC': 0.9583705357142858, 'AUPRC': 0.8304825101584334}
{'Precision': 0.6615696803196803, 'Recall': 0.6988095238095238, 'F1': 0.643157956315851, 'AUROC': 0.8883494634967388, 'AUPRC': 0.7371737493218102}

Epoch : 78
Train Loss     : 0.4869	 | 	Train Accuracy     : 0.8438
Valid Loss     : 0.9686	 | 	Valid Accuracy     : 0.7054
{'Precision': 0.8512312648636691, 'Recall': 0.84375, 'F1': 0.8397838839126103, 'AUROC': 0.9535602678571429, 'AUPRC': 0.8259314036554326}
{'Precision': 0.6965277777777779, 'Recall': 0.7154761904761905, 'F1': 0.6614917649400407, 'AUROC': 0.8877463356476611, 'AUPRC': 0.742143991960174}

Epoch : 79
Train Loss     : 0.4392	 | 	Train Accuracy     : 0.8656
Valid Loss     : 0.9600	 | 	Valid Accuracy     : 0.6786
{'Precision': 0.869720552711215, 'Recall': 0.865625, 'F1': 0.8635782817966469, 'AUROC': 0.9586383928571429, 'AUPRC': 0.8548297489190775}
{'Precision': 0.6540765620249316, 'Recall': 0.6904761904761905, 'F1': 0.6370807959305412, 'AUROC': 0.887916403674872, 'AUPRC': 0.739649649885513}

Epoch : 80
Train Loss     : 0.4845	 | 	Train Accuracy     : 0.8406
Valid Loss     : 0.9709	 | 	Valid Accuracy     : 0.6964
{'Precision': 0.8420425518342982, 'Recall': 0.8406250000000001, 'F1': 0.8359103004345401, 'AUROC': 0.9549665178571429, 'AUPRC': 0.8283094466374765}
{'Precision': 0.6672799787931367, 'Recall': 0.7071428571428572, 'F1': 0.6502770406408177, 'AUROC': 0.8895504593590013, 'AUPRC': 0.7387414971606678}

Evaluate on the Test set:
Test loss      :0.9317	 | Test Accuracy      : 0.7188
{'Precision': 0.6828477443609022, 'Recall': 0.7083333333333334, 'F1': 0.6654316657092358, 'AUROC': 0.883888888888889, 'AUPRC': 0.7377953983878864}

################## Training is Done! #########################
Training time is : 0:00:24.107163
